生成启动时间为 2020/4/20 15:08:39。
项目“\\vmware-host\Shared Folders\文稿\Visual Studio 2013\requests\requests\requests.vcxproj”在节点 2 上(Build 个目标)。
ClCompile:
  C:\Program Files (x86)\Microsoft Visual Studio 12.0\VC\bin\CL.exe /c /ZI /nologo /W3 /WX- /Od /Oy- /D WIN32 /D _DEBUG /D _CONSOLE /D _LIB /D _UNICODE /D UNICODE /Gm /EHsc /RTC1 /MDd /GS /fp:precise /Zc:wchar_t /Zc:forScope /Fo"Debug\\" /Fd"Debug\vc120.pdb" /Gd /TP /analyze- /errorReport:prompt http.cpp main.cpp
  main.cpp
  http.cpp
\\vmware-host\shared folders\文稿\visual studio 2013\requests\requests\http.cpp : warning C4819: 该文件包含不能在当前代码页(936)中表示的字符。请将该文件保存为 Unicode 格式以防止数据丢失
\\vmware-host\shared folders\文稿\visual studio 2013\requests\requests\http.cpp(11): warning C4018: “<”: 有符号/无符号不匹配
\\vmware-host\shared folders\文稿\visual studio 2013\requests\requests\http.cpp(43): warning C4018: “<”: 有符号/无符号不匹配
\\vmware-host\shared folders\文稿\visual studio 2013\requests\requests\http.cpp(393): warning C4244: “=”: 从“std::streamoff”转换到“long”，可能丢失数据
\\vmware-host\shared folders\文稿\visual studio 2013\requests\requests\http.cpp(489): warning C4244: “=”: 从“std::streamoff”转换到“long”，可能丢失数据
\\vmware-host\shared folders\文稿\visual studio 2013\requests\requests\http.cpp(620): warning C4996: '_snprintf': This function or variable may be unsafe. Consider using _snprintf_s instead. To disable deprecation, use _CRT_SECURE_NO_WARNINGS. See online help for details.
          c:\program files (x86)\microsoft visual studio 12.0\vc\include\stdio.h(346) : 参见“_snprintf”的声明
\\vmware-host\shared folders\文稿\visual studio 2013\requests\requests\http.cpp(664): warning C4996: '_snprintf': This function or variable may be unsafe. Consider using _snprintf_s instead. To disable deprecation, use _CRT_SECURE_NO_WARNINGS. See online help for details.
          c:\program files (x86)\microsoft visual studio 12.0\vc\include\stdio.h(346) : 参见“_snprintf”的声明
\\vmware-host\shared folders\文稿\visual studio 2013\requests\requests\http.cpp(682): warning C4996: '_snprintf': This function or variable may be unsafe. Consider using _snprintf_s instead. To disable deprecation, use _CRT_SECURE_NO_WARNINGS. See online help for details.
          c:\program files (x86)\microsoft visual studio 12.0\vc\include\stdio.h(346) : 参见“_snprintf”的声明
\\vmware-host\shared folders\文稿\visual studio 2013\requests\requests\http.cpp(686): warning C4305: “=”: 从“int”到“BYTE”截断
\\vmware-host\shared folders\文稿\visual studio 2013\requests\requests\http.cpp(686): warning C4309: “=”: 截断常量值
\\vmware-host\shared folders\文稿\visual studio 2013\requests\requests\http.cpp(687): warning C4305: “=”: 从“int”到“BYTE”截断
\\vmware-host\shared folders\文稿\visual studio 2013\requests\requests\http.cpp(687): warning C4309: “=”: 截断常量值
\\vmware-host\shared folders\文稿\visual studio 2013\requests\requests\http.cpp(703): warning C4996: '_snprintf': This function or variable may be unsafe. Consider using _snprintf_s instead. To disable deprecation, use _CRT_SECURE_NO_WARNINGS. See online help for details.
          c:\program files (x86)\microsoft visual studio 12.0\vc\include\stdio.h(346) : 参见“_snprintf”的声明
  正在生成代码...
Link:
  C:\Program Files (x86)\Microsoft Visual Studio 12.0\VC\bin\link.exe /ERRORREPORT:PROMPT /OUT:"\\vmware-host\Shared Folders\文稿\Visual Studio 2013\requests\Debug\requests.exe" /INCREMENTAL /NOLOGO kernel32.lib user32.lib gdi32.lib winspool.lib comdlg32.lib advapi32.lib shell32.lib ole32.lib oleaut32.lib uuid.lib odbc32.lib odbccp32.lib /MANIFEST /MANIFESTUAC:"level='asInvoker' uiAccess='false'" /manifest:embed /DEBUG /PDB:"\\vmware-host\Shared Folders\文稿\Visual Studio 2013\requests\Debug\requests.pdb" /SUBSYSTEM:CONSOLE /TLBID:1 /DYNAMICBASE /NXCOMPAT /IMPLIB:"\\vmware-host\Shared Folders\文稿\Visual Studio 2013\requests\Debug\requests.lib" /MACHINE:X86 Debug\cJSON.obj
  Debug\CJsonObject.obj
  Debug\http.obj
  Debug\main.obj
  Debug\stdafx.obj
  Debug\utils.obj
  LINK : 没有找到 \\vmware-host\Shared Folders\文稿\Visual Studio 2013\requests\Debug\requests.exe 或上一个增量链接没有生成它；正在执行完全链接
  requests.vcxproj -> \\vmware-host\Shared Folders\文稿\Visual Studio 2013\requests\Debug\requests.exe
已完成生成项目“\\vmware-host\Shared Folders\文稿\Visual Studio 2013\requests\requests\requests.vcxproj”(Build 个目标)的操作。

生成成功。

已用时间 00:00:07.24
